<?xml version="1.0" encoding="UTF-8"?>
<testsuite xmlns:xsi="http://www.w3.org/2001/XMLSchema-instance" xsi:noNamespaceSchemaLocation="https://maven.apache.org/surefire/maven-surefire-plugin/xsd/surefire-test-report.xsd" name="fr.ima.ihm.ImaIhmApplicationTests" time="3.196" tests="1" errors="0" skipped="0" failures="0">
  <properties>
    <property name="sun.desktop" value="windows"/>
    <property name="awt.toolkit" value="sun.awt.windows.WToolkit"/>
    <property name="java.specification.version" value="11"/>
    <property name="file.encoding.pkg" value="sun.io"/>
    <property name="jdk.extensions.version" value="11.0.20.0-ea"/>
    <property name="sun.jnu.encoding" value="Cp1252"/>
    <property name="java.class.path" value="C:\Users\Vitry\Documents\GitHub\Time4ThePlanet_Website\projet-ima-ihm\target\test-classes;C:\Users\Vitry\Documents\GitHub\Time4ThePlanet_Website\projet-ima-ihm\target\classes;C:\Users\Vitry\.m2\repository\org\springframework\boot\spring-boot-starter-thymeleaf\2.7.6\spring-boot-starter-thymeleaf-2.7.6.jar;C:\Users\Vitry\.m2\repository\org\springframework\boot\spring-boot-starter\2.7.6\spring-boot-starter-2.7.6.jar;C:\Users\Vitry\.m2\repository\org\springframework\boot\spring-boot\2.7.6\spring-boot-2.7.6.jar;C:\Users\Vitry\.m2\repository\org\springframework\boot\spring-boot-autoconfigure\2.7.6\spring-boot-autoconfigure-2.7.6.jar;C:\Users\Vitry\.m2\repository\org\springframework\boot\spring-boot-starter-logging\2.7.6\spring-boot-starter-logging-2.7.6.jar;C:\Users\Vitry\.m2\repository\ch\qos\logback\logback-classic\1.2.11\logback-classic-1.2.11.jar;C:\Users\Vitry\.m2\repository\ch\qos\logback\logback-core\1.2.11\logback-core-1.2.11.jar;C:\Users\Vitry\.m2\repository\org\apache\logging\log4j\log4j-to-slf4j\2.17.2\log4j-to-slf4j-2.17.2.jar;C:\Users\Vitry\.m2\repository\org\apache\logging\log4j\log4j-api\2.17.2\log4j-api-2.17.2.jar;C:\Users\Vitry\.m2\repository\org\slf4j\jul-to-slf4j\1.7.36\jul-to-slf4j-1.7.36.jar;C:\Users\Vitry\.m2\repository\jakarta\annotation\jakarta.annotation-api\1.3.5\jakarta.annotation-api-1.3.5.jar;C:\Users\Vitry\.m2\repository\org\yaml\snakeyaml\1.30\snakeyaml-1.30.jar;C:\Users\Vitry\.m2\repository\org\thymeleaf\thymeleaf-spring5\3.0.15.RELEASE\thymeleaf-spring5-3.0.15.RELEASE.jar;C:\Users\Vitry\.m2\repository\org\thymeleaf\thymeleaf\3.0.15.RELEASE\thymeleaf-3.0.15.RELEASE.jar;C:\Users\Vitry\.m2\repository\org\attoparser\attoparser\2.0.5.RELEASE\attoparser-2.0.5.RELEASE.jar;C:\Users\Vitry\.m2\repository\org\unbescape\unbescape\1.1.6.RELEASE\unbescape-1.1.6.RELEASE.jar;C:\Users\Vitry\.m2\repository\org\slf4j\slf4j-api\1.7.36\slf4j-api-1.7.36.jar;C:\Users\Vitry\.m2\repository\org\thymeleaf\extras\thymeleaf-extras-java8time\3.0.4.RELEASE\thymeleaf-extras-java8time-3.0.4.RELEASE.jar;C:\Users\Vitry\.m2\repository\org\springframework\boot\spring-boot-starter-web\2.7.6\spring-boot-starter-web-2.7.6.jar;C:\Users\Vitry\.m2\repository\org\springframework\boot\spring-boot-starter-json\2.7.6\spring-boot-starter-json-2.7.6.jar;C:\Users\Vitry\.m2\repository\com\fasterxml\jackson\core\jackson-databind\2.13.4.2\jackson-databind-2.13.4.2.jar;C:\Users\Vitry\.m2\repository\com\fasterxml\jackson\core\jackson-annotations\2.13.4\jackson-annotations-2.13.4.jar;C:\Users\Vitry\.m2\repository\com\fasterxml\jackson\core\jackson-core\2.13.4\jackson-core-2.13.4.jar;C:\Users\Vitry\.m2\repository\com\fasterxml\jackson\datatype\jackson-datatype-jdk8\2.13.4\jackson-datatype-jdk8-2.13.4.jar;C:\Users\Vitry\.m2\repository\com\fasterxml\jackson\datatype\jackson-datatype-jsr310\2.13.4\jackson-datatype-jsr310-2.13.4.jar;C:\Users\Vitry\.m2\repository\com\fasterxml\jackson\module\jackson-module-parameter-names\2.13.4\jackson-module-parameter-names-2.13.4.jar;C:\Users\Vitry\.m2\repository\org\springframework\boot\spring-boot-starter-tomcat\2.7.6\spring-boot-starter-tomcat-2.7.6.jar;C:\Users\Vitry\.m2\repository\org\apache\tomcat\embed\tomcat-embed-core\9.0.69\tomcat-embed-core-9.0.69.jar;C:\Users\Vitry\.m2\repository\org\apache\tomcat\embed\tomcat-embed-el\9.0.69\tomcat-embed-el-9.0.69.jar;C:\Users\Vitry\.m2\repository\org\apache\tomcat\embed\tomcat-embed-websocket\9.0.69\tomcat-embed-websocket-9.0.69.jar;C:\Users\Vitry\.m2\repository\org\springframework\spring-web\5.3.24\spring-web-5.3.24.jar;C:\Users\Vitry\.m2\repository\org\springframework\spring-beans\5.3.24\spring-beans-5.3.24.jar;C:\Users\Vitry\.m2\repository\org\springframework\spring-webmvc\5.3.24\spring-webmvc-5.3.24.jar;C:\Users\Vitry\.m2\repository\org\springframework\spring-aop\5.3.24\spring-aop-5.3.24.jar;C:\Users\Vitry\.m2\repository\org\springframework\spring-context\5.3.24\spring-context-5.3.24.jar;C:\Users\Vitry\.m2\repository\org\springframework\spring-expression\5.3.24\spring-expression-5.3.24.jar;C:\Users\Vitry\.m2\repository\org\springframework\boot\spring-boot-starter-test\2.7.6\spring-boot-starter-test-2.7.6.jar;C:\Users\Vitry\.m2\repository\org\springframework\boot\spring-boot-test\2.7.6\spring-boot-test-2.7.6.jar;C:\Users\Vitry\.m2\repository\org\springframework\boot\spring-boot-test-autoconfigure\2.7.6\spring-boot-test-autoconfigure-2.7.6.jar;C:\Users\Vitry\.m2\repository\com\jayway\jsonpath\json-path\2.7.0\json-path-2.7.0.jar;C:\Users\Vitry\.m2\repository\net\minidev\json-smart\2.4.8\json-smart-2.4.8.jar;C:\Users\Vitry\.m2\repository\net\minidev\accessors-smart\2.4.8\accessors-smart-2.4.8.jar;C:\Users\Vitry\.m2\repository\org\ow2\asm\asm\9.1\asm-9.1.jar;C:\Users\Vitry\.m2\repository\jakarta\xml\bind\jakarta.xml.bind-api\2.3.3\jakarta.xml.bind-api-2.3.3.jar;C:\Users\Vitry\.m2\repository\jakarta\activation\jakarta.activation-api\1.2.2\jakarta.activation-api-1.2.2.jar;C:\Users\Vitry\.m2\repository\org\assertj\assertj-core\3.22.0\assertj-core-3.22.0.jar;C:\Users\Vitry\.m2\repository\org\hamcrest\hamcrest\2.2\hamcrest-2.2.jar;C:\Users\Vitry\.m2\repository\org\junit\jupiter\junit-jupiter\5.8.2\junit-jupiter-5.8.2.jar;C:\Users\Vitry\.m2\repository\org\junit\jupiter\junit-jupiter-api\5.8.2\junit-jupiter-api-5.8.2.jar;C:\Users\Vitry\.m2\repository\org\opentest4j\opentest4j\1.2.0\opentest4j-1.2.0.jar;C:\Users\Vitry\.m2\repository\org\junit\platform\junit-platform-commons\1.8.2\junit-platform-commons-1.8.2.jar;C:\Users\Vitry\.m2\repository\org\apiguardian\apiguardian-api\1.1.2\apiguardian-api-1.1.2.jar;C:\Users\Vitry\.m2\repository\org\junit\jupiter\junit-jupiter-params\5.8.2\junit-jupiter-params-5.8.2.jar;C:\Users\Vitry\.m2\repository\org\junit\jupiter\junit-jupiter-engine\5.8.2\junit-jupiter-engine-5.8.2.jar;C:\Users\Vitry\.m2\repository\org\junit\platform\junit-platform-engine\1.8.2\junit-platform-engine-1.8.2.jar;C:\Users\Vitry\.m2\repository\org\mockito\mockito-core\4.5.1\mockito-core-4.5.1.jar;C:\Users\Vitry\.m2\repository\net\bytebuddy\byte-buddy\1.12.19\byte-buddy-1.12.19.jar;C:\Users\Vitry\.m2\repository\net\bytebuddy\byte-buddy-agent\1.12.19\byte-buddy-agent-1.12.19.jar;C:\Users\Vitry\.m2\repository\org\objenesis\objenesis\3.2\objenesis-3.2.jar;C:\Users\Vitry\.m2\repository\org\mockito\mockito-junit-jupiter\4.5.1\mockito-junit-jupiter-4.5.1.jar;C:\Users\Vitry\.m2\repository\org\skyscreamer\jsonassert\1.5.1\jsonassert-1.5.1.jar;C:\Users\Vitry\.m2\repository\com\vaadin\external\google\android-json\0.0.20131108.vaadin1\android-json-0.0.20131108.vaadin1.jar;C:\Users\Vitry\.m2\repository\org\springframework\spring-core\5.3.24\spring-core-5.3.24.jar;C:\Users\Vitry\.m2\repository\org\springframework\spring-jcl\5.3.24\spring-jcl-5.3.24.jar;C:\Users\Vitry\.m2\repository\org\springframework\spring-test\5.3.24\spring-test-5.3.24.jar;C:\Users\Vitry\.m2\repository\org\xmlunit\xmlunit-core\2.9.0\xmlunit-core-2.9.0.jar;"/>
    <property name="java.vm.vendor" value="Eclipse OpenJ9"/>
    <property name="sun.arch.data.model" value="64"/>
    <property name="com.ibm.vm.bitmode" value="64"/>
    <property name="user.variant" value=""/>
    <property name="com.ibm.oti.vm.library.version" value="29"/>
    <property name="java.vendor.url" value="https://www.ibm.com/semeru-runtimes"/>
    <property name="user.timezone" value="Europe/Paris"/>
    <property name="java.vm.specification.version" value="11"/>
    <property name="os.name" value="Windows 11"/>
    <property name="sun.java.launcher" value="SUN_STANDARD"/>
    <property name="user.country" value="FR"/>
    <property name="sun.boot.library.path" value="C:\Users\Vitry\.jdks\semeru-11.0.20\bin\default;C:\Users\Vitry\.jdks\semeru-11.0.20\bin"/>
    <property name="sun.java.command" value="C:\Users\Vitry\AppData\Local\Temp\surefire4000440216371774984\surefirebooter14924282482732442114.jar C:\Users\Vitry\AppData\Local\Temp\surefire4000440216371774984 2023-07-02T15-19-34_636-jvmRun1 surefire4923772369923132893tmp surefire_03683726759794112164tmp"/>
    <property name="surefire.test.class.path" value="C:\Users\Vitry\Documents\GitHub\Time4ThePlanet_Website\projet-ima-ihm\target\test-classes;C:\Users\Vitry\Documents\GitHub\Time4ThePlanet_Website\projet-ima-ihm\target\classes;C:\Users\Vitry\.m2\repository\org\springframework\boot\spring-boot-starter-thymeleaf\2.7.6\spring-boot-starter-thymeleaf-2.7.6.jar;C:\Users\Vitry\.m2\repository\org\springframework\boot\spring-boot-starter\2.7.6\spring-boot-starter-2.7.6.jar;C:\Users\Vitry\.m2\repository\org\springframework\boot\spring-boot\2.7.6\spring-boot-2.7.6.jar;C:\Users\Vitry\.m2\repository\org\springframework\boot\spring-boot-autoconfigure\2.7.6\spring-boot-autoconfigure-2.7.6.jar;C:\Users\Vitry\.m2\repository\org\springframework\boot\spring-boot-starter-logging\2.7.6\spring-boot-starter-logging-2.7.6.jar;C:\Users\Vitry\.m2\repository\ch\qos\logback\logback-classic\1.2.11\logback-classic-1.2.11.jar;C:\Users\Vitry\.m2\repository\ch\qos\logback\logback-core\1.2.11\logback-core-1.2.11.jar;C:\Users\Vitry\.m2\repository\org\apache\logging\log4j\log4j-to-slf4j\2.17.2\log4j-to-slf4j-2.17.2.jar;C:\Users\Vitry\.m2\repository\org\apache\logging\log4j\log4j-api\2.17.2\log4j-api-2.17.2.jar;C:\Users\Vitry\.m2\repository\org\slf4j\jul-to-slf4j\1.7.36\jul-to-slf4j-1.7.36.jar;C:\Users\Vitry\.m2\repository\jakarta\annotation\jakarta.annotation-api\1.3.5\jakarta.annotation-api-1.3.5.jar;C:\Users\Vitry\.m2\repository\org\yaml\snakeyaml\1.30\snakeyaml-1.30.jar;C:\Users\Vitry\.m2\repository\org\thymeleaf\thymeleaf-spring5\3.0.15.RELEASE\thymeleaf-spring5-3.0.15.RELEASE.jar;C:\Users\Vitry\.m2\repository\org\thymeleaf\thymeleaf\3.0.15.RELEASE\thymeleaf-3.0.15.RELEASE.jar;C:\Users\Vitry\.m2\repository\org\attoparser\attoparser\2.0.5.RELEASE\attoparser-2.0.5.RELEASE.jar;C:\Users\Vitry\.m2\repository\org\unbescape\unbescape\1.1.6.RELEASE\unbescape-1.1.6.RELEASE.jar;C:\Users\Vitry\.m2\repository\org\slf4j\slf4j-api\1.7.36\slf4j-api-1.7.36.jar;C:\Users\Vitry\.m2\repository\org\thymeleaf\extras\thymeleaf-extras-java8time\3.0.4.RELEASE\thymeleaf-extras-java8time-3.0.4.RELEASE.jar;C:\Users\Vitry\.m2\repository\org\springframework\boot\spring-boot-starter-web\2.7.6\spring-boot-starter-web-2.7.6.jar;C:\Users\Vitry\.m2\repository\org\springframework\boot\spring-boot-starter-json\2.7.6\spring-boot-starter-json-2.7.6.jar;C:\Users\Vitry\.m2\repository\com\fasterxml\jackson\core\jackson-databind\2.13.4.2\jackson-databind-2.13.4.2.jar;C:\Users\Vitry\.m2\repository\com\fasterxml\jackson\core\jackson-annotations\2.13.4\jackson-annotations-2.13.4.jar;C:\Users\Vitry\.m2\repository\com\fasterxml\jackson\core\jackson-core\2.13.4\jackson-core-2.13.4.jar;C:\Users\Vitry\.m2\repository\com\fasterxml\jackson\datatype\jackson-datatype-jdk8\2.13.4\jackson-datatype-jdk8-2.13.4.jar;C:\Users\Vitry\.m2\repository\com\fasterxml\jackson\datatype\jackson-datatype-jsr310\2.13.4\jackson-datatype-jsr310-2.13.4.jar;C:\Users\Vitry\.m2\repository\com\fasterxml\jackson\module\jackson-module-parameter-names\2.13.4\jackson-module-parameter-names-2.13.4.jar;C:\Users\Vitry\.m2\repository\org\springframework\boot\spring-boot-starter-tomcat\2.7.6\spring-boot-starter-tomcat-2.7.6.jar;C:\Users\Vitry\.m2\repository\org\apache\tomcat\embed\tomcat-embed-core\9.0.69\tomcat-embed-core-9.0.69.jar;C:\Users\Vitry\.m2\repository\org\apache\tomcat\embed\tomcat-embed-el\9.0.69\tomcat-embed-el-9.0.69.jar;C:\Users\Vitry\.m2\repository\org\apache\tomcat\embed\tomcat-embed-websocket\9.0.69\tomcat-embed-websocket-9.0.69.jar;C:\Users\Vitry\.m2\repository\org\springframework\spring-web\5.3.24\spring-web-5.3.24.jar;C:\Users\Vitry\.m2\repository\org\springframework\spring-beans\5.3.24\spring-beans-5.3.24.jar;C:\Users\Vitry\.m2\repository\org\springframework\spring-webmvc\5.3.24\spring-webmvc-5.3.24.jar;C:\Users\Vitry\.m2\repository\org\springframework\spring-aop\5.3.24\spring-aop-5.3.24.jar;C:\Users\Vitry\.m2\repository\org\springframework\spring-context\5.3.24\spring-context-5.3.24.jar;C:\Users\Vitry\.m2\repository\org\springframework\spring-expression\5.3.24\spring-expression-5.3.24.jar;C:\Users\Vitry\.m2\repository\org\springframework\boot\spring-boot-starter-test\2.7.6\spring-boot-starter-test-2.7.6.jar;C:\Users\Vitry\.m2\repository\org\springframework\boot\spring-boot-test\2.7.6\spring-boot-test-2.7.6.jar;C:\Users\Vitry\.m2\repository\org\springframework\boot\spring-boot-test-autoconfigure\2.7.6\spring-boot-test-autoconfigure-2.7.6.jar;C:\Users\Vitry\.m2\repository\com\jayway\jsonpath\json-path\2.7.0\json-path-2.7.0.jar;C:\Users\Vitry\.m2\repository\net\minidev\json-smart\2.4.8\json-smart-2.4.8.jar;C:\Users\Vitry\.m2\repository\net\minidev\accessors-smart\2.4.8\accessors-smart-2.4.8.jar;C:\Users\Vitry\.m2\repository\org\ow2\asm\asm\9.1\asm-9.1.jar;C:\Users\Vitry\.m2\repository\jakarta\xml\bind\jakarta.xml.bind-api\2.3.3\jakarta.xml.bind-api-2.3.3.jar;C:\Users\Vitry\.m2\repository\jakarta\activation\jakarta.activation-api\1.2.2\jakarta.activation-api-1.2.2.jar;C:\Users\Vitry\.m2\repository\org\assertj\assertj-core\3.22.0\assertj-core-3.22.0.jar;C:\Users\Vitry\.m2\repository\org\hamcrest\hamcrest\2.2\hamcrest-2.2.jar;C:\Users\Vitry\.m2\repository\org\junit\jupiter\junit-jupiter\5.8.2\junit-jupiter-5.8.2.jar;C:\Users\Vitry\.m2\repository\org\junit\jupiter\junit-jupiter-api\5.8.2\junit-jupiter-api-5.8.2.jar;C:\Users\Vitry\.m2\repository\org\opentest4j\opentest4j\1.2.0\opentest4j-1.2.0.jar;C:\Users\Vitry\.m2\repository\org\junit\platform\junit-platform-commons\1.8.2\junit-platform-commons-1.8.2.jar;C:\Users\Vitry\.m2\repository\org\apiguardian\apiguardian-api\1.1.2\apiguardian-api-1.1.2.jar;C:\Users\Vitry\.m2\repository\org\junit\jupiter\junit-jupiter-params\5.8.2\junit-jupiter-params-5.8.2.jar;C:\Users\Vitry\.m2\repository\org\junit\jupiter\junit-jupiter-engine\5.8.2\junit-jupiter-engine-5.8.2.jar;C:\Users\Vitry\.m2\repository\org\junit\platform\junit-platform-engine\1.8.2\junit-platform-engine-1.8.2.jar;C:\Users\Vitry\.m2\repository\org\mockito\mockito-core\4.5.1\mockito-core-4.5.1.jar;C:\Users\Vitry\.m2\repository\net\bytebuddy\byte-buddy\1.12.19\byte-buddy-1.12.19.jar;C:\Users\Vitry\.m2\repository\net\bytebuddy\byte-buddy-agent\1.12.19\byte-buddy-agent-1.12.19.jar;C:\Users\Vitry\.m2\repository\org\objenesis\objenesis\3.2\objenesis-3.2.jar;C:\Users\Vitry\.m2\repository\org\mockito\mockito-junit-jupiter\4.5.1\mockito-junit-jupiter-4.5.1.jar;C:\Users\Vitry\.m2\repository\org\skyscreamer\jsonassert\1.5.1\jsonassert-1.5.1.jar;C:\Users\Vitry\.m2\repository\com\vaadin\external\google\android-json\0.0.20131108.vaadin1\android-json-0.0.20131108.vaadin1.jar;C:\Users\Vitry\.m2\repository\org\springframework\spring-core\5.3.24\spring-core-5.3.24.jar;C:\Users\Vitry\.m2\repository\org\springframework\spring-jcl\5.3.24\spring-jcl-5.3.24.jar;C:\Users\Vitry\.m2\repository\org\springframework\spring-test\5.3.24\spring-test-5.3.24.jar;C:\Users\Vitry\.m2\repository\org\xmlunit\xmlunit-core\2.9.0\xmlunit-core-2.9.0.jar;"/>
    <property name="sun.cpu.endian" value="little"/>
    <property name="user.home" value="C:\Users\Vitry"/>
    <property name="user.language" value="fr"/>
    <property name="java.specification.vendor" value="Oracle Corporation"/>
    <property name="java.version.date" value="2023-07-18"/>
    <property name="java.home" value="C:\Users\Vitry\.jdks\semeru-11.0.20"/>
    <property name="ibm.signalhandling.rs" value="false"/>
    <property name="jdk.extensions.name" value="Extensions for OpenJDK for Eclipse OpenJ9"/>
    <property name="file.separator" value="\"/>
    <property name="basedir" value="C:\Users\Vitry\Documents\GitHub\Time4ThePlanet_Website\projet-ima-ihm"/>
    <property name="line.separator" value="&#10;"/>
    <property name="java.specification.name" value="Java Platform API Specification"/>
    <property name="java.vm.specification.vendor" value="Oracle Corporation"/>
    <property name="java.compiler" value="j9jit29"/>
    <property name="com.ibm.util.extralibs.properties" value=""/>
    <property name="java.awt.graphicsenv" value="sun.awt.Win32GraphicsEnvironment"/>
    <property name="com.ibm.oti.configuration" value="scar"/>
    <property name="java.awt.fonts" value=""/>
    <property name="surefire.real.class.path" value="C:\Users\Vitry\AppData\Local\Temp\surefire4000440216371774984\surefirebooter14924282482732442114.jar"/>
    <property name="com.ibm.oti.shared.enabled" value="false"/>
    <property name="com.ibm.oti.vm.bootstrap.library.path" value="C:\Users\Vitry\.jdks\semeru-11.0.20\bin\default;C:\Users\Vitry\.jdks\semeru-11.0.20\bin"/>
    <property name="com.ibm.cpu.endian" value="little"/>
    <property name="java.fullversion" value="11.0.20+5&#10;JRE 11 Windows 11 amd64-64-Bit Compressed References 20230607_658 (JIT enabled, AOT enabled)&#10;OpenJ9   - 936ec5450&#10;OMR      - 0e572348b&#10;JCL      - 3dcd507cc6 based on jdk-11.0.20+5"/>
    <property name="java.runtime.version" value="11.0.20+5"/>
    <property name="user.name" value="Vitry"/>
    <property name="path.separator" value=";"/>
    <property name="os.version" value="10.0"/>
    <property name="java.runtime.name" value="IBM Semeru Runtime Open Edition"/>
    <property name="ibm.signalhandling.sigint" value="true"/>
    <property name="file.encoding" value="Cp1252"/>
    <property name="java.vm.name" value="Eclipse OpenJ9 VM"/>
    <property name="java.vendor.version" value="11.0.20.0-m1"/>
    <property name="ibm.signalhandling.sigchain" value="true"/>
    <property name="localRepository" value="C:\Users\Vitry\.m2\repository"/>
    <property name="java.vendor.url.bug" value="https://github.com/ibmruntimes/Semeru-Runtimes/issues"/>
    <property name="java.io.tmpdir" value="C:\Users\Vitry\AppData\Local\Temp\"/>
    <property name="idea.version" value="2023.1.3"/>
    <property name="java.version" value="11.0.20"/>
    <property name="com.ibm.system.agent.path" value="C:\Users\Vitry\.jdks\semeru-11.0.20\bin"/>
    <property name="user.dir" value="C:\Users\Vitry\Documents\GitHub\Time4ThePlanet_Website\projet-ima-ihm"/>
    <property name="os.arch" value="amd64"/>
    <property name="java.vm.specification.name" value="Java Virtual Machine Specification"/>
    <property name="java.awt.printerjob" value="sun.awt.windows.WPrinterJob"/>
    <property name="os.encoding" value="UTF-8"/>
    <property name="java.library.path" value="C:\Users\Vitry\.jdks\semeru-11.0.20\bin\default;C:\Users\Vitry\.jdks\semeru-11.0.20\bin;C:\WINDOWS\system32;C:\WINDOWS;C:\WINDOWS\system32;C:\WINDOWS;C:\WINDOWS\System32\Wbem;C:\WINDOWS\System32\WindowsPowerShell\v1.0\;C:\WINDOWS\System32\OpenSSH\;C:\Program Files\Docker\Docker\resources\bin;C:\Program Files\Git\cmd;C:\Users\Vitry\AppData\Local\Microsoft\WindowsApps;C:\Users\Vitry\AppData\Local\GitHubDesktop\bin;C:\Users\Vitry\AppData\Local\Programs\Microsoft VS Code\bin;C:\Program Files\JetBrains\IntelliJ IDEA 2023.1.3\bin;;C:\Program Files\JetBrains\IntelliJ IDEA Community Edition 2023.1.3\bin;;."/>
    <property name="java.vm.info" value="JRE 11 Windows 11 amd64-64-Bit Compressed References 20230607_658 (JIT enabled, AOT enabled)&#10;OpenJ9   - 936ec5450&#10;OMR      - 0e572348b&#10;JCL      - 3dcd507cc6 based on jdk-11.0.20+5"/>
    <property name="java.vendor" value="IBM Corporation"/>
    <property name="java.vm.version" value="v0.40.0-release-936ec5450"/>
    <property name="java.specification.maintenance.version" value="2"/>
    <property name="ibm.system.encoding" value="Cp1252"/>
    <property name="com.ibm.jcl.checkClassPath" value=""/>
    <property name="sun.io.unicode.encoding" value="UnicodeLittle"/>
    <property name="java.class.version" value="55.0"/>
  </properties>
  <testcase name="contextLoads" classname="fr.ima.ihm.ImaIhmApplicationTests" time="0.402"/>
</testsuite>